Copyright 1986-2022 Xilinx, Inc. All Rights Reserved.
------------------------------------------------------------------------------------
| Tool Version : Vivado v.2022.2 (win64) Build 3671981 Fri Oct 14 05:00:03 MDT 2022
| Date         : Mon Nov 20 14:06:58 2023
| Host         : DESKTOP-EUK436V running 64-bit major release  (build 9200)
| Command      : upgrade_project -migrate_output_products
| Project_Path : D:/vivadoFile/Exp5/Exp5/Exp5.xpr
------------------------------------------------------------------------------------

Project Status Summary

1. Project IP Status
--------------------
This project contains 2 IP and 0 Block Designs.


1.1 Project IP Instances
+------------+-------------------------+-------------------------------------+-------------------------------------+
| Instance   | Status                  | Reason                              | Recommendation                      |
| Name       |                         |                                     |                                     |
+------------+-------------------------+-------------------------------------+-------------------------------------+
| divider    | Will be Migrated.       |                                     |                                     |
+------------+-------------------------+-------------------------------------+-------------------------------------+
| multiplier | Will be Migrated.       |                                     |                                     |
+------------+-------------------------+-------------------------------------+-------------------------------------+



